  cs225-lab03.cpp
C:\Program Files (x86)\Microsoft Visual Studio\2019\Community\VC\Tools\MSVC\14.28.29333\include\numeric(35,26): warning C4244: '=': conversion from 'double' to '_Ty', possible loss of data
          with
          [
              _Ty=int
          ]
C:\Program Files (x86)\Microsoft Visual Studio\2019\Community\VC\Tools\MSVC\14.28.29333\include\numeric(44): message : see reference to function template instantiation '_Ty std::accumulate<_InIt,_Ty,std::plus<void>>(const _InIt,const _InIt,_Ty,_Fn)' being compiled
          with
          [
              _Ty=int,
              _InIt=std::_Vector_iterator<std::_Vector_val<std::_Simple_types<double>>>,
              _Fn=std::plus<void>
          ]
C:\Users\bowie\OneDrive\Documents\CS225\cs225-lab02\cs225-lab03.cpp(19): message : see reference to function template instantiation '_Ty std::accumulate<std::_Vector_iterator<std::_Vector_val<std::_Simple_types<double>>>,int>(const _InIt,const _InIt,_Ty)' being compiled
          with
          [
              _Ty=int,
              _InIt=std::_Vector_iterator<std::_Vector_val<std::_Simple_types<double>>>
          ]
cs225-lab03.obj : error LNK2005: _main already defined in cs225-lab02.obj
C:\Users\bowie\OneDrive\Documents\CS225\cs225-lab02\Debug\cs225-lab02.exe : fatal error LNK1169: one or more multiply defined symbols found
